{"timestamp": "2025-10-31T00:59:58.775000+05:00", "host": "DESKTOP-16RM1OP", "event_id": 20, "source_ip": null, "message": "Installation Failure: Windows failed to install the following update with error 0x80073d02: 9NHT9RB2F4HD-Microsoft.Copilot.", "event_type": "system", "raw": {"@timestamp": "2025-10-30T19:59:58.775Z", "@metadata": {"beat": "winlogbeat", "type": "_doc", "version": "9.1.5"}, "message": "Installation Failure: Windows failed to install the following update with error 0x80073d02: 9NHT9RB2F4HD-Microsoft.Copilot.", "ecs": {"version": "8.0.0"}, "agent": {"name": "DESKTOP-16RM1OP", "type": "winlogbeat", "version": "9.1.5", "ephemeral_id": "25b1c472-0c9e-4863-96b3-1b1e741880dd", "id": "709924e2-b433-4a8d-ac46-03ee64c14905"}, "siem_priority": "high", "winlog": {"channel": "System", "opcode": "Installation", "version": 1, "activity_id": "{53C251F4-42C4-0000-D64B-E853C442DC01}", "process": {"pid": 14840, "thread": {"id": 3396}}, "record_id": 65349, "keywords": ["failure", "install"], "provider_guid": "{945A8954-C147-4ACD-923F-40C45405A658}", "event_data": {"updateGuid": "{13DD79FC-9812-4F65-A2F4-DED487FE8121}", "updateRevisionNumber": "1", "serviceGuid": "{855E8A7C-ECB4-4CA3-B045-1DFA50104289}", "errorCode": "0x80073d02", "updateTitle": "9NHT9RB2F4HD-Microsoft.Copilot"}, "user": {"identifier": "S-1-5-18", "domain": "NT AUTHORITY", "name": "SYSTEM", "type": "Well Known Group"}, "event_id": "20", "provider_name": "Microsoft-Windows-WindowsUpdateClient", "task": "Windows Update Agent", "computer_name": "DESKTOP-16RM1OP"}, "event": {"created": "2025-10-30T20:49:03.526Z", "code": "20", "kind": "event", "provider": "Microsoft-Windows-WindowsUpdateClient", "action": "Windows Update Agent"}, "host": {"name": "DESKTOP-16RM1OP"}, "fields": {"log_type": "system"}, "environment": "production", "log": {"level": "error"}}, "_id": "6903cf402758b5810a61ebad"}
{"timestamp": "2025-10-31T01:00:32.466000+05:00", "host": "DESKTOP-16RM1OP", "event_id": 20, "source_ip": null, "message": "Installation Failure: Windows failed to install the following update with error 0x80073d02: 9NKSQGP7F2NH-5319275A.WhatsAppDesktop.", "event_type": "system", "raw": {"@timestamp": "2025-10-30T20:00:32.466Z", "@metadata": {"beat": "winlogbeat", "type": "_doc", "version": "9.1.5"}, "fields": {"log_type": "system"}, "ecs": {"version": "8.0.0"}, "agent": {"name": "DESKTOP-16RM1OP", "type": "winlogbeat", "version": "9.1.5", "ephemeral_id": "25b1c472-0c9e-4863-96b3-1b1e741880dd", "id": "709924e2-b433-4a8d-ac46-03ee64c14905"}, "environment": "production", "siem_priority": "high", "host": {"name": "DESKTOP-16RM1OP"}, "winlog": {"user": {"domain": "NT AUTHORITY", "name": "SYSTEM", "type": "Well Known Group", "identifier": "S-1-5-18"}, "channel": "System", "keywords": ["install", "failure"], "event_data": {"errorCode": "0x80073d02", "updateTitle": "9NKSQGP7F2NH-5319275A.WhatsAppDesktop", "updateGuid": "{89F3CD0B-70CB-40F5-8333-EDACE9D6DBE7}", "updateRevisionNumber": "1", "serviceGuid": "{855E8A7C-ECB4-4CA3-B045-1DFA50104289}"}, "event_id": "20", "provider_name": "Microsoft-Windows-WindowsUpdateClient", "record_id": 65352, "opcode": "Installation", "version": 1, "activity_id": "{53C251F4-42C4-0002-4339-ED53C442DC01}", "computer_name": "DESKTOP-16RM1OP", "task": "Windows Update Agent", "provider_guid": "{945A8954-C147-4ACD-923F-40C45405A658}", "process": {"pid": 14840, "thread": {"id": 10288}}}, "event": {"kind": "event", "provider": "Microsoft-Windows-WindowsUpdateClient", "action": "Windows Update Agent", "created": "2025-10-30T20:49:03.527Z", "code": "20"}, "log": {"level": "error"}, "message": "Installation Failure: Windows failed to install the following update with error 0x80073d02: 9NKSQGP7F2NH-5319275A.WhatsAppDesktop."}, "_id": "6903cf412758b5810a61ebae"}
{"timestamp": "2025-11-02T12:25:23.981000+05:00", "host": "DESKTOP-16RM1OP", "event_id": 32, "source_ip": null, "message": "Failed to connect NIC 68780A39-BB10-4618-83F4-D218BA361773--78B34554-6177-53EA-97E3-90EBC42CFF69 (Friendly Name: ) to port C9F7BD13-B0F9-4E04-8420-8F191C1F40B5 (Friendly Name: ) on switch EA131291-B9C0-447F-8D95-788CB2AC4EBD (Friendly Name: ), status = 3221225524. UniqueEvent = 80.", "event_type": "system", "raw": {"@timestamp": "2025-11-02T07:25:23.981Z", "@metadata": {"beat": "winlogbeat", "type": "_doc", "version": "9.1.5"}, "winlog": {"provider_guid": "{67DC0D66-3695-47C0-9642-33F76F7BD7AD}", "user": {"domain": "NT AUTHORITY", "name": "SYSTEM", "type": "Well Known Group", "identifier": "S-1-5-18"}, "channel": "System", "task": "NicConnect", "opcode": "Info", "event_data": {"PortFNameLen": "1", "SwitchFNameLen": "1", "UniqueEvent": "80", "SwitchNameLen": "36", "NicNameLen": "74", "SwitchName": "EA131291-B9C0-447F-8D95-788CB2AC4EBD", "Status": "3221225524", "NicName": "68780A39-BB10-4618-83F4-D218BA361773--78B34554-6177-53EA-97E3-90EBC42CFF69", "NicFNameLen": "1", "PortNameLen": "36", "PortName": "C9F7BD13-B0F9-4E04-8420-8F191C1F40B5"}, "record_id": 65651, "process": {"thread": {"id": 16976}, "pid": 14012}, "computer_name": "DESKTOP-16RM1OP", "provider_name": "Microsoft-Windows-Hyper-V-VmSwitch", "event_id": "32", "keywords": ["VmsControlPath"]}, "host": {"name": "DESKTOP-16RM1OP"}, "fields": {"log_type": "system"}, "ecs": {"version": "8.0.0"}, "siem_priority": "high", "event": {"created": "2025-11-02T08:20:17.369Z", "code": "32", "kind": "event", "provider": "Microsoft-Windows-Hyper-V-VmSwitch", "action": "NicConnect"}, "log": {"level": "error"}, "message": "Failed to connect NIC 68780A39-BB10-4618-83F4-D218BA361773--78B34554-6177-53EA-97E3-90EBC42CFF69 (Friendly Name: ) to port C9F7BD13-B0F9-4E04-8420-8F191C1F40B5 (Friendly Name: ) on switch EA131291-B9C0-447F-8D95-788CB2AC4EBD (Friendly Name: ), status = 3221225524. UniqueEvent = 80.", "agent": {"ephemeral_id": "d285f2d9-9631-47c5-8589-17433b6b12d4", "id": "709924e2-b433-4a8d-ac46-03ee64c14905", "name": "DESKTOP-16RM1OP", "type": "winlogbeat", "version": "9.1.5"}, "environment": "production"}, "_id": "69071442d0b5ac3d61610d2c"}
{"timestamp": "2025-11-02T12:25:25.888000+05:00", "host": "DESKTOP-16RM1OP", "event_id": 32, "source_ip": null, "message": "Failed to connect NIC 68780A39-BB10-4618-83F4-D218BA361773--78B34554-6177-53EA-97E3-90EBC42CFF69 (Friendly Name: ) to port C9F7BD13-B0F9-4E04-8420-8F191C1F40B5 (Friendly Name: ) on switch EA131291-B9C0-447F-8D95-788CB2AC4EBD (Friendly Name: ), status = 3221225524. UniqueEvent = 80.", "event_type": "system", "raw": {"@timestamp": "2025-11-02T07:25:25.888Z", "@metadata": {"beat": "winlogbeat", "type": "_doc", "version": "9.1.5"}, "event": {"provider": "Microsoft-Windows-Hyper-V-VmSwitch", "action": "NicConnect", "created": "2025-11-02T08:20:17.369Z", "code": "32", "kind": "event"}, "message": "Failed to connect NIC 68780A39-BB10-4618-83F4-D218BA361773--78B34554-6177-53EA-97E3-90EBC42CFF69 (Friendly Name: ) to port C9F7BD13-B0F9-4E04-8420-8F191C1F40B5 (Friendly Name: ) on switch EA131291-B9C0-447F-8D95-788CB2AC4EBD (Friendly Name: ), status = 3221225524. UniqueEvent = 80.", "winlog": {"opcode": "Info", "event_id": "32", "provider_name": "Microsoft-Windows-Hyper-V-VmSwitch", "task": "NicConnect", "computer_name": "DESKTOP-16RM1OP", "process": {"pid": 14012, "thread": {"id": 15544}}, "event_data": {"Status": "3221225524", "NicName": "68780A39-BB10-4618-83F4-D218BA361773--78B34554-6177-53EA-97E3-90EBC42CFF69", "PortNameLen": "36", "SwitchName": "EA131291-B9C0-447F-8D95-788CB2AC4EBD", "NicFNameLen": "1", "UniqueEvent": "80", "PortName": "C9F7BD13-B0F9-4E04-8420-8F191C1F40B5", "PortFNameLen": "1", "NicNameLen": "74", "SwitchNameLen": "36", "SwitchFNameLen": "1"}, "record_id": 65652, "keywords": ["VmsControlPath"], "provider_guid": "{67DC0D66-3695-47C0-9642-33F76F7BD7AD}", "channel": "System", "user": {"name": "SYSTEM", "type": "Well Known Group", "identifier": "S-1-5-18", "domain": "NT AUTHORITY"}}, "agent": {"version": "9.1.5", "ephemeral_id": "d285f2d9-9631-47c5-8589-17433b6b12d4", "id": "709924e2-b433-4a8d-ac46-03ee64c14905", "name": "DESKTOP-16RM1OP", "type": "winlogbeat"}, "log": {"level": "error"}, "host": {"name": "DESKTOP-16RM1OP"}, "fields": {"log_type": "system"}, "ecs": {"version": "8.0.0"}, "siem_priority": "high", "environment": "production"}, "_id": "69071443d0b5ac3d61610d2d"}
